synthesis:  version Diamond (64-bit) 3.14.0.75.2

Copyright (c) 1991-1994 by NeoCAD Inc. All rights reserved.
Copyright (c) 1995 AT&T Corp.   All rights reserved.
Copyright (c) 1995-2001 Lucent Technologies Inc.  All rights reserved.
Copyright (c) 2001 Agere Systems   All rights reserved.
Copyright (c) 2002-2024 Lattice Semiconductor Corporation,  All rights reserved.
Tue Apr 28 01:14:47 2026


Command Line:  synthesis -f TimingCard_impl1_lattice.synproj -gui -msgset C:/Users/Frank/Documents/Embedded Firmware/TimingCard/promote.xml 

Synthesis options:
The -a option is MachXO2.
The -s option is 6.
The -t option is TQFP144.
The -d option is LCMXO2-7000HC.
Using package TQFP144.
Using performance grade 6.
                                                          

##########################################################

### Lattice Family : MachXO2

### Device  : LCMXO2-7000HC

### Package : TQFP144

### Speed   : 6

##########################################################

                                                          

INFO - synthesis: User-Selected Strategy Settings
Optimization goal = Balanced
Top-level module name = top.
Target frequency = 200.000000 MHz.
Maximum fanout = 1000.
Timing path count = 3
BRAM utilization = 100.000000 %
DSP usage = true
DSP utilization = 100.000000 %
fsm_encoding_style = auto
resolve_mixed_drivers = 0
fix_gated_clocks = 1

Mux style = Auto
Use Carry Chain = true
carry_chain_length = 0
Loop Limit = 1950.
Use IO Insertion = TRUE
Use IO Reg = AUTO

Resource Sharing = TRUE
Propagate Constants = TRUE
Remove Duplicate Registers = TRUE
force_gsr = auto
ROM style = auto
RAM style = auto
The -comp option is FALSE.
The -syn option is FALSE.
-p C:/Users/Frank/Documents/Embedded Firmware/TimingCard (searchpath added)
-p C:/lscc/diamond/3.14/ispfpga/xo2c00/data (searchpath added)
-p C:/Users/Frank/Documents/Embedded Firmware/TimingCard/impl1 (searchpath added)
-p C:/Users/Frank/Documents/Embedded Firmware/TimingCard (searchpath added)
Verilog design file = C:/Users/Frank/Documents/Embedded Firmware/TimingCard/top.v
NGD file = TimingCard_impl1.ngd
-sdc option: SDC file input not used.
-lpf option: Output file option is ON.
Hardtimer checking is enabled (default). The -dt option is not used.
The -r option is OFF. [ Remove LOC Properties is OFF. ]
Technology check ok...

Analyzing Verilog file C:/lscc/diamond/3.14/ispfpga/userware/NT/SYNTHESIS_HEADERS/machxo2.v. VERI-1482
Compile design.
Compile Design Begin
Analyzing Verilog file c:/users/frank/documents/embedded firmware/timingcard/top.v. VERI-1482
Analyzing Verilog file C:/lscc/diamond/3.14/ispfpga/userware/NT/SYNTHESIS_HEADERS/machxo2.v. VERI-1482
Top module name (Verilog): top
INFO - synthesis: c:/users/frank/documents/embedded firmware/timingcard/top.v(1): compiling module top. VERI-1018
Loading NGL library 'C:/lscc/diamond/3.14/ispfpga/xo2c00a/data/xo2alib.ngl'...
Loading NGL library 'C:/lscc/diamond/3.14/ispfpga/xo2c00/data/xo2clib.ngl'...
Loading NGL library 'C:/lscc/diamond/3.14/ispfpga/mg5g00/data/mg5glib.ngl'...
Loading NGL library 'C:/lscc/diamond/3.14/ispfpga/or5g00/data/orc5glib.ngl'...
Loading device for application map from file 'xo2c7000.nph' in environment: C:/lscc/diamond/3.14/ispfpga.
Package Status:                     Final          Version 1.39.
Top-level module name = top.
WARNING - synthesis: I/O Port spi_cs_n 's net has no driver and is unused.
WARNING - synthesis: I/O Port spi_mosi 's net has no driver and is unused.
WARNING - synthesis: I/O Port spi_sck 's net has no driver and is unused.
######## Converting I/O port fram_sda to output.



WARNING - synthesis: I/O Port spi_cs_n 's net has no driver and is unused.
WARNING - synthesis: I/O Port spi_mosi 's net has no driver and is unused.
WARNING - synthesis: I/O Port spi_sck 's net has no driver and is unused.
GSR will not be inferred because no asynchronous signal was found in the netlist.
Applying 200.000000 MHz constraint to all clocks

WARNING - synthesis: No user .sdc file.
Results of NGD DRC are available in top_drc.log.
Loading NGL library 'C:/lscc/diamond/3.14/ispfpga/xo2c00a/data/xo2alib.ngl'...
Loading NGL library 'C:/lscc/diamond/3.14/ispfpga/xo2c00/data/xo2clib.ngl'...
Loading NGL library 'C:/lscc/diamond/3.14/ispfpga/mg5g00/data/mg5glib.ngl'...
Loading NGL library 'C:/lscc/diamond/3.14/ispfpga/or5g00/data/orc5glib.ngl'...
WARNING - synthesis: logical net 'spi_cs_n' has no load.
WARNING - synthesis: input pad net 'spi_cs_n' has no legal load.
WARNING - synthesis: logical net 'spi_mosi' has no load.
WARNING - synthesis: input pad net 'spi_mosi' has no legal load.
WARNING - synthesis: logical net 'spi_sck' has no load.
WARNING - synthesis: input pad net 'spi_sck' has no legal load.
WARNING - synthesis: DRC complete with 6 warnings.
All blocks are expanded and NGD expansion is successful.
Writing NGD file TimingCard_impl1.ngd.

################### Begin Area Report (top)######################
Number of register bits => 29 of 7209 (0 % )
CCU2D => 15
FD1S3AX => 29
GSR => 1
IB => 1
LUT4 => 16
OB => 43
OBZ => 2
################### End Area Report ##################

################### Begin BlackBox Report ######################
TSALL => 1
################### End BlackBox Report ##################

################### Begin Clock Report ######################
Clock Nets
Number of Clocks: 1
  Net : clk_c, loads : 29
Clock Enable Nets
Number of Clock Enables: 0
Top 0 highest fanout Clock Enables:
Highest fanout non-clock nets
Top 10 highest fanout non-clock nets:
  Net : testpoint_0, loads : 4
  Net : testpoint_1, loads : 4
  Net : testpoint_2, loads : 4
  Net : testpoint_3, loads : 4
  Net : testpoint_4, loads : 4
  Net : testpoint_5, loads : 4
  Net : testpoint_6, loads : 4
  Net : testpoint_c, loads : 3
  Net : out_5v_c_7, loads : 3
  Net : out_5v_c_6, loads : 3
################### End Clock Report ##################

Timing Report Summary
--------------
--------------------------------------------------------------------------------
Constraint                              |   Constraint|       Actual|Levels
--------------------------------------------------------------------------------
                                        |             |             |
create_clock -period 5.000000 -name     |             |             |
clk0 [get_nets clk_c]                   |  200.000 MHz|  201.248 MHz|    16  
                                        |             |             |
--------------------------------------------------------------------------------


All constraints were met.


Peak Memory Usage: 63.848  MB

--------------------------------------------------------------
Elapsed CPU time for LSE flow : 0.125  secs
--------------------------------------------------------------
