
             Lattice Mapping Report File for Design Module 'top'


Design Information
------------------

Command line:   map -a MachXO2 -p LCMXO2-7000HC -t TQFP144 -s 6 -oc Industrial
     TimingCard_impl1.ngd -o TimingCard_impl1_map.ncd -pr TimingCard_impl1.prf
     -mp TimingCard_impl1.mrp -lpf C:/Users/Frank/Documents/Embedded
     Firmware/TimingCard/impl1/TimingCard_impl1.lpf -lpf
     C:/Users/Frank/Documents/Embedded Firmware/TimingCard/TimingCard.lpf -c 0
     -gui -msgset C:/Users/Frank/Documents/Embedded
     Firmware/TimingCard/promote.xml 
Target Vendor:  LATTICE
Target Device:  LCMXO2-7000HCTQFP144
Target Performance:   6
Mapper:  xo2c00,  version:  Diamond (64-bit) 3.14.0.75.2
Mapped on:  04/28/26  01:14:48

Design Summary
--------------

   Number of registers:     29 out of  7209 (0%)
      PFU registers:           29 out of  6864 (0%)
      PIO registers:            0 out of   345 (0%)
   Number of SLICEs:        24 out of  3432 (1%)
      SLICEs as Logic/ROM:     24 out of  3432 (1%)
      SLICEs as RAM:            0 out of  2574 (0%)
      SLICEs as Carry:         15 out of  3432 (0%)
   Number of LUT4s:         48 out of  6864 (1%)
      Number used as logic LUTs:         18
      Number used as distributed RAM:     0
      Number used as ripple logic:       30
      Number used as shift registers:     0
   Number of PIO sites used: 46 + 4(JTAG) out of 115 (43%)
   Number of block RAMs:  0 out of 26 (0%)
   Number of GSRs:        0 out of 1 (0%)
   EFB used :        No
   JTAG used :       No
   Readback used :   No
   Oscillator used : No
   Startup used :    No
   POR :             On
   Bandgap :         On
   Number of Power Controller:  0 out of 1 (0%)
   Number of Dynamic Bank Controller (BCINRD):  0 out of 6 (0%)
   Number of Dynamic Bank Controller (BCLVDSO):  0 out of 1 (0%)
   Number of DCCA:  0 out of 8 (0%)
   Number of DCMA:  0 out of 2 (0%)
   Number of PLLs:  0 out of 2 (0%)
   Number of DQSDLLs:  0 out of 2 (0%)
   Number of CLKDIVC:  0 out of 4 (0%)
   Number of ECLKSYNCA:  0 out of 4 (0%)
   Number of ECLKBRIDGECS:  0 out of 2 (0%)
   Notes:-
      1. Total number of LUT4s = (Number of logic LUT4s) + 2*(Number of
     distributed RAMs) + 2*(Number of ripple logic)
      2. Number of logic LUT4s does not include count of distributed RAM and
     ripple logic.
   Number of clocks:  1
     Net clk_c: 15 loads, 15 rising, 0 falling (Driver: PIO clk )

                                    Page 1




Design:  top                                           Date:  04/28/26  01:14:48

Design Summary (cont)
---------------------
   Number of Clock Enables:  0
   Number of LSRs:  0
   Number of nets driven by tri-state buffers:  0
   Top 10 highest fanout non-clock nets:
     Net testpoint_0: 4 loads
     Net testpoint_1: 4 loads
     Net testpoint_2: 4 loads
     Net testpoint_3: 4 loads
     Net testpoint_4: 4 loads
     Net testpoint_5: 4 loads
     Net testpoint_6: 4 loads
     Net out_5v_c_2: 3 loads
     Net out_5v_c_3: 3 loads
     Net out_5v_c_4: 3 loads




   Number of warnings:  11
   Number of errors:    0
     

Design Errors/Warnings
----------------------

WARNING - map: C:/Users/Frank/Documents/Embedded
     Firmware/TimingCard/TimingCard.lpf(90): Semantic error in "IOBUF PORT
     "spi_cs_n" IO_TYPE=LVCMOS33 ;": Port "spi_cs_n" does not exist in the
     design. This preference has been disabled.
WARNING - map: C:/Users/Frank/Documents/Embedded
     Firmware/TimingCard/TimingCard.lpf(93): Semantic error in "IOBUF PORT
     "spi_mosi" IO_TYPE=LVCMOS33 ;": Port "spi_mosi" does not exist in the
     design. This preference has been disabled.
WARNING - map: C:/Users/Frank/Documents/Embedded
     Firmware/TimingCard/TimingCard.lpf(99): Semantic error in "IOBUF PORT
     "spi_sck" IO_TYPE=LVCMOS33 ;": Port "spi_sck" does not exist in the design.
     This preference has been disabled.
WARNING - map: input pad net 'spi_cs_n' has no legal load.
WARNING - map: input pad net 'spi_mosi' has no legal load.
WARNING - map: input pad net 'spi_sck' has no legal load.
WARNING - map: IO buffer missing for top level port spi_cs_n...logic will be
     discarded.
WARNING - map: IO buffer missing for top level port spi_mosi...logic will be
     discarded.
WARNING - map: IO buffer missing for top level port spi_sck...logic will be
     discarded.
WARNING - map: Multiple comps assigned to site "PR18A". Only one comp will be
     assigned to this location.
WARNING - map: Pref conflict: Multi-locate on site. Ignoring LOCATE COMP
     "out_5v[11]" SITE "82" ;
        Keeping LOCATE COMP "out_3v3[13]" SITE "82" ;
     .





                                    Page 2




Design:  top                                           Date:  04/28/26  01:14:48

IO (PIO) Attributes
-------------------

+---------------------+-----------+-----------+------------+
| IO Name             | Direction | Levelmode | IO         |
|                     |           |  IO_TYPE  | Register   |
+---------------------+-----------+-----------+------------+
| out_5v[15]          | OUTPUT    | LVCMOS33  |            |
+---------------------+-----------+-----------+------------+
| out_5v[14]          | OUTPUT    | LVCMOS33  |            |
+---------------------+-----------+-----------+------------+
| out_5v[13]          | OUTPUT    | LVCMOS33  |            |
+---------------------+-----------+-----------+------------+
| out_5v[12]          | OUTPUT    | LVCMOS33  |            |
+---------------------+-----------+-----------+------------+
| out_5v[11]          | OUTPUT    | LVCMOS33  |            |
+---------------------+-----------+-----------+------------+
| out_5v[10]          | OUTPUT    | LVCMOS33  |            |
+---------------------+-----------+-----------+------------+
| out_5v[9]           | OUTPUT    | LVCMOS33  |            |
+---------------------+-----------+-----------+------------+
| out_5v[8]           | OUTPUT    | LVCMOS33  |            |
+---------------------+-----------+-----------+------------+
| out_5v[7]           | OUTPUT    | LVCMOS33  |            |
+---------------------+-----------+-----------+------------+
| out_5v[6]           | OUTPUT    | LVCMOS33  |            |
+---------------------+-----------+-----------+------------+
| out_5v[5]           | OUTPUT    | LVCMOS33  |            |
+---------------------+-----------+-----------+------------+
| out_5v[4]           | OUTPUT    | LVCMOS33  |            |
+---------------------+-----------+-----------+------------+
| out_5v[3]           | OUTPUT    | LVCMOS33  |            |
+---------------------+-----------+-----------+------------+
| out_5v[2]           | OUTPUT    | LVCMOS33  |            |
+---------------------+-----------+-----------+------------+
| out_5v[1]           | OUTPUT    | LVCMOS33  |            |
+---------------------+-----------+-----------+------------+
| out_5v[0]           | OUTPUT    | LVCMOS33  |            |
+---------------------+-----------+-----------+------------+
| out_3v3[15]         | OUTPUT    | LVCMOS33  |            |
+---------------------+-----------+-----------+------------+
| out_3v3[14]         | OUTPUT    | LVCMOS33  |            |
+---------------------+-----------+-----------+------------+
| out_3v3[13]         | OUTPUT    | LVCMOS33  |            |
+---------------------+-----------+-----------+------------+
| out_3v3[12]         | OUTPUT    | LVCMOS33  |            |
+---------------------+-----------+-----------+------------+
| out_3v3[11]         | OUTPUT    | LVCMOS33  |            |
+---------------------+-----------+-----------+------------+
| out_3v3[10]         | OUTPUT    | LVCMOS33  |            |
+---------------------+-----------+-----------+------------+
| out_3v3[9]          | OUTPUT    | LVCMOS33  |            |
+---------------------+-----------+-----------+------------+
| out_3v3[8]          | OUTPUT    | LVCMOS33  |            |
+---------------------+-----------+-----------+------------+
| out_3v3[7]          | OUTPUT    | LVCMOS33  |            |
+---------------------+-----------+-----------+------------+
| out_3v3[6]          | OUTPUT    | LVCMOS33  |            |

                                    Page 3




Design:  top                                           Date:  04/28/26  01:14:48

IO (PIO) Attributes (cont)
--------------------------
+---------------------+-----------+-----------+------------+
| out_3v3[5]          | OUTPUT    | LVCMOS33  |            |
+---------------------+-----------+-----------+------------+
| out_3v3[4]          | OUTPUT    | LVCMOS33  |            |
+---------------------+-----------+-----------+------------+
| out_3v3[3]          | OUTPUT    | LVCMOS33  |            |
+---------------------+-----------+-----------+------------+
| out_3v3[2]          | OUTPUT    | LVCMOS33  |            |
+---------------------+-----------+-----------+------------+
| out_3v3[1]          | OUTPUT    | LVCMOS33  |            |
+---------------------+-----------+-----------+------------+
| out_3v3[0]          | OUTPUT    | LVCMOS33  |            |
+---------------------+-----------+-----------+------------+
| oe                  | OUTPUT    | LVCMOS33  |            |
+---------------------+-----------+-----------+------------+
| spi_miso            | OUTPUT    | LVCMOS33  |            |
+---------------------+-----------+-----------+------------+
| fram_scl            | OUTPUT    | LVCMOS33  |            |
+---------------------+-----------+-----------+------------+
| fram_sda            | OUTPUT    | LVCMOS33  |            |
+---------------------+-----------+-----------+------------+
| testpoint[8]        | OUTPUT    | LVCMOS33  |            |
+---------------------+-----------+-----------+------------+
| testpoint[7]        | OUTPUT    | LVCMOS33  |            |
+---------------------+-----------+-----------+------------+
| testpoint[6]        | OUTPUT    | LVCMOS33  |            |
+---------------------+-----------+-----------+------------+
| testpoint[5]        | OUTPUT    | LVCMOS33  |            |
+---------------------+-----------+-----------+------------+
| testpoint[4]        | OUTPUT    | LVCMOS33  |            |
+---------------------+-----------+-----------+------------+
| testpoint[3]        | OUTPUT    | LVCMOS33  |            |
+---------------------+-----------+-----------+------------+
| testpoint[2]        | OUTPUT    | LVCMOS33  |            |
+---------------------+-----------+-----------+------------+
| testpoint[1]        | OUTPUT    | LVCMOS33  |            |
+---------------------+-----------+-----------+------------+
| testpoint[0]        | OUTPUT    | LVCMOS33  |            |
+---------------------+-----------+-----------+------------+
| clk                 | INPUT     | LVCMOS33  |            |
+---------------------+-----------+-----------+------------+

Removed logic
-------------

Block GSR_INST undriven or does not drive anything - clipped.
Signal counter_15_16_add_4_1/S0 undriven or does not drive anything - clipped.
Signal counter_15_16_add_4_1/CI undriven or does not drive anything - clipped.
Signal counter_15_16_add_4_29/CO undriven or does not drive anything - clipped.

     

Run Time and Memory Usage
-------------------------

   Total CPU Time: 0 secs  

                                    Page 4




Design:  top                                           Date:  04/28/26  01:14:48

Run Time and Memory Usage (cont)
--------------------------------
   Total REAL Time: 0 secs  
   Peak Memory Usage: 64 MB
        






















































                                    Page 5


Copyright (c) 1991-1994 by NeoCAD Inc. All rights reserved.
     Copyright (c) 1995 AT&T Corp.   All rights reserved.
     Copyright (c) 1995-2001 Lucent Technologies Inc.  All rights reserved.
     Copyright (c) 2001 Agere Systems   All rights reserved.
     Copyright (c) 2002-2024 Lattice Semiconductor Corporation,  All rights
     reserved.
